# JRE version: Java(TM) SE Runtime Environment (9.0+11) (build 9.0.4+11)
# Java VM: Java HotSpot(TM) 64-Bit Server VM (9.0.4+11, mixed mode, tiered, compressed oops, g1 gc, windows-amd64)
Heap:
 garbage-first heap   total 131072K, used 24545K [0x0000000081000000, 0x0000000081100400, 0x0000000100000000)
  region size 1024K, 18 young (18432K), 4 survivors (4096K)
 Metaspace       used 25142K, capacity 26814K, committed 27008K, reserved 1073152K
  class space    used 3035K, capacity 3363K, committed 3456K, reserved 1048576K
GC Heap History (6 events):
Event: 0.578 GC heap before
{Heap before GC invocations=0 (full 0):
 garbage-first heap   total 131072K, used 14336K [0x0000000081000000, 0x0000000081100400, 0x0000000100000000)
  region size 1024K, 14 young (14336K), 0 survivors (0K)
 Metaspace       used 9668K, capacity 10222K, committed 10368K, reserved 1058816K
  class space    used 949K, capacity 1070K, committed 1152K, reserved 1048576K
}
Event: 0.581 GC heap after
{Heap after GC invocations=1 (full 0):
 garbage-first heap   total 131072K, used 3400K [0x0000000081000000, 0x0000000081100400, 0x0000000100000000)
  region size 1024K, 2 young (2048K), 2 survivors (2048K)
 Metaspace       used 9668K, capacity 10222K, committed 10368K, reserved 1058816K
  class space    used 949K, capacity 1070K, committed 1152K, reserved 1048576K
}
Event: 0.890 GC heap before
{Heap before GC invocations=1 (full 0):
 garbage-first heap   total 131072K, used 15688K [0x0000000081000000, 0x0000000081100400, 0x0000000100000000)
  region size 1024K, 14 young (14336K), 2 survivors (2048K)
 Metaspace       used 14502K, capacity 15184K, committed 15488K, reserved 1062912K
  class space    used 1458K, capacity 1608K, committed 1664K, reserved 1048576K
}
Event: 0.895 GC heap after
{Heap after GC invocations=2 (full 0):
 garbage-first heap   total 131072K, used 6362K [0x0000000081000000, 0x0000000081100400, 0x0000000100000000)
  region size 1024K, 2 young (2048K), 2 survivors (2048K)
 Metaspace       used 14502K, capacity 15184K, committed 15488K, reserved 1062912K
  class space    used 1458K, capacity 1608K, committed 1664K, reserved 1048576K
}
Event: 1.497 GC heap before
{Heap before GC invocations=2 (full 0):
 garbage-first heap   total 131072K, used 18650K [0x0000000081000000, 0x0000000081100400, 0x0000000100000000)
  region size 1024K, 15 young (15360K), 2 survivors (2048K)
 Metaspace       used 20026K, capacity 21202K, committed 21248K, reserved 1069056K
  class space    used 2285K, capacity 2523K, committed 2560K, reserved 1048576K
}
Event: 1.500 GC heap after
{Heap after GC invocations=3 (full 0):
 garbage-first heap   total 131072K, used 9185K [0x0000000081000000, 0x0000000081100400, 0x0000000100000000)
  region size 1024K, 4 young (4096K), 4 survivors (4096K)
 Metaspace       used 20026K, capacity 21202K, committed 21248K, reserved 1069056K
  class space    used 2285K, capacity 2523K, committed 2560K, reserved 1048576K
}

