# JRE version: Java(TM) SE Runtime Environment (9.0+11) (build 9.0.4+11)
# Java VM: Java HotSpot(TM) 64-Bit Server VM (9.0.4+11, mixed mode, tiered, compressed oops, g1 gc, windows-amd64)
Heap:
 garbage-first heap   total 131072K, used 26624K [0x0000000081000000, 0x0000000081100400, 0x0000000100000000)
  region size 1024K, 20 young (20480K), 4 survivors (4096K)
 Metaspace       used 25370K, capacity 27016K, committed 27264K, reserved 1073152K
  class space    used 3026K, capacity 3364K, committed 3456K, reserved 1048576K
GC Heap History (6 events):
Event: 0.514 GC heap before
{Heap before GC invocations=0 (full 0):
 garbage-first heap   total 131072K, used 14336K [0x0000000081000000, 0x0000000081100400, 0x0000000100000000)
  region size 1024K, 14 young (14336K), 0 survivors (0K)
 Metaspace       used 10048K, capacity 10640K, committed 10880K, reserved 1058816K
  class space    used 977K, capacity 1104K, committed 1152K, reserved 1048576K
}
Event: 0.519 GC heap after
{Heap after GC invocations=1 (full 0):
 garbage-first heap   total 131072K, used 3480K [0x0000000081000000, 0x0000000081100400, 0x0000000100000000)
  region size 1024K, 2 young (2048K), 2 survivors (2048K)
 Metaspace       used 10048K, capacity 10640K, committed 10880K, reserved 1058816K
  class space    used 977K, capacity 1104K, committed 1152K, reserved 1048576K
}
Event: 0.803 GC heap before
{Heap before GC invocations=1 (full 0):
 garbage-first heap   total 131072K, used 13720K [0x0000000081000000, 0x0000000081100400, 0x0000000100000000)
  region size 1024K, 12 young (12288K), 2 survivors (2048K)
 Metaspace       used 13721K, capacity 14342K, committed 14592K, reserved 1062912K
  class space    used 1315K, capacity 1451K, committed 1536K, reserved 1048576K
}
Event: 0.809 GC heap after
{Heap after GC invocations=2 (full 0):
 garbage-first heap   total 131072K, used 6331K [0x0000000081000000, 0x0000000081100400, 0x0000000100000000)
  region size 1024K, 2 young (2048K), 2 survivors (2048K)
 Metaspace       used 13721K, capacity 14342K, committed 14592K, reserved 1062912K
  class space    used 1315K, capacity 1451K, committed 1536K, reserved 1048576K
}
Event: 1.342 GC heap before
{Heap before GC invocations=2 (full 0):
 garbage-first heap   total 131072K, used 19643K [0x0000000081000000, 0x0000000081100400, 0x0000000100000000)
  region size 1024K, 16 young (16384K), 2 survivors (2048K)
 Metaspace       used 20088K, capacity 21234K, committed 21248K, reserved 1069056K
  class space    used 2293K, capacity 2555K, committed 2560K, reserved 1048576K
}
Event: 1.347 GC heap after
{Heap after GC invocations=3 (full 0):
 garbage-first heap   total 131072K, used 9216K [0x0000000081000000, 0x0000000081100400, 0x0000000100000000)
  region size 1024K, 4 young (4096K), 4 survivors (4096K)
 Metaspace       used 20088K, capacity 21234K, committed 21248K, reserved 1069056K
  class space    used 2293K, capacity 2555K, committed 2560K, reserved 1048576K
}

