# JRE version: Java(TM) SE Runtime Environment (9.0+11) (build 9.0.4+11)
# Java VM: Java HotSpot(TM) 64-Bit Server VM (9.0.4+11, mixed mode, tiered, compressed oops, g1 gc, windows-amd64)
Heap:
 garbage-first heap   total 131072K, used 30787K [0x0000000081000000, 0x0000000081100400, 0x0000000100000000)
  region size 1024K, 23 young (23552K), 4 survivors (4096K)
 Metaspace       used 25906K, capacity 27628K, committed 27776K, reserved 1073152K
  class space    used 3031K, capacity 3370K, committed 3456K, reserved 1048576K
GC Heap History (6 events):
Event: 0.558 GC heap before
{Heap before GC invocations=0 (full 0):
 garbage-first heap   total 131072K, used 14336K [0x0000000081000000, 0x0000000081100400, 0x0000000100000000)
  region size 1024K, 14 young (14336K), 0 survivors (0K)
 Metaspace       used 9745K, capacity 10288K, committed 10368K, reserved 1058816K
  class space    used 963K, capacity 1072K, committed 1152K, reserved 1048576K
}
Event: 0.562 GC heap after
{Heap after GC invocations=1 (full 0):
 garbage-first heap   total 131072K, used 3369K [0x0000000081000000, 0x0000000081100400, 0x0000000100000000)
  region size 1024K, 2 young (2048K), 2 survivors (2048K)
 Metaspace       used 9745K, capacity 10288K, committed 10368K, reserved 1058816K
  class space    used 963K, capacity 1072K, committed 1152K, reserved 1048576K
}
Event: 0.887 GC heap before
{Heap before GC invocations=1 (full 0):
 garbage-first heap   total 131072K, used 13609K [0x0000000081000000, 0x0000000081100400, 0x0000000100000000)
  region size 1024K, 12 young (12288K), 2 survivors (2048K)
 Metaspace       used 13662K, capacity 14336K, committed 14592K, reserved 1062912K
  class space    used 1313K, capacity 1450K, committed 1536K, reserved 1048576K
}
Event: 0.891 GC heap after
{Heap after GC invocations=2 (full 0):
 garbage-first heap   total 131072K, used 6286K [0x0000000081000000, 0x0000000081100400, 0x0000000100000000)
  region size 1024K, 2 young (2048K), 2 survivors (2048K)
 Metaspace       used 13662K, capacity 14336K, committed 14592K, reserved 1062912K
  class space    used 1313K, capacity 1450K, committed 1536K, reserved 1048576K
}
Event: 1.564 GC heap before
{Heap before GC invocations=2 (full 0):
 garbage-first heap   total 131072K, used 20622K [0x0000000081000000, 0x0000000081100400, 0x0000000100000000)
  region size 1024K, 17 young (17408K), 2 survivors (2048K)
 Metaspace       used 20089K, capacity 21234K, committed 21248K, reserved 1069056K
  class space    used 2293K, capacity 2555K, committed 2560K, reserved 1048576K
}
Event: 1.569 GC heap after
{Heap after GC invocations=3 (full 0):
 garbage-first heap   total 131072K, used 9283K [0x0000000081000000, 0x0000000081100400, 0x0000000100000000)
  region size 1024K, 4 young (4096K), 4 survivors (4096K)
 Metaspace       used 20089K, capacity 21234K, committed 21248K, reserved 1069056K
  class space    used 2293K, capacity 2555K, committed 2560K, reserved 1048576K
}

