# JRE version: Java(TM) SE Runtime Environment (9.0+11) (build 9.0.4+11)
# Java VM: Java HotSpot(TM) 64-Bit Server VM (9.0.4+11, mixed mode, tiered, compressed oops, g1 gc, windows-amd64)
Heap:
 garbage-first heap   total 131072K, used 27598K [0x0000000081000000, 0x0000000081100400, 0x0000000100000000)
  region size 1024K, 21 young (21504K), 4 survivors (4096K)
 Metaspace       used 25765K, capacity 27422K, committed 27520K, reserved 1073152K
  class space    used 3041K, capacity 3367K, committed 3456K, reserved 1048576K
GC Heap History (6 events):
Event: 0.484 GC heap before
{Heap before GC invocations=0 (full 0):
 garbage-first heap   total 131072K, used 14336K [0x0000000081000000, 0x0000000081100400, 0x0000000100000000)
  region size 1024K, 14 young (14336K), 0 survivors (0K)
 Metaspace       used 9540K, capacity 10120K, committed 10368K, reserved 1058816K
  class space    used 935K, capacity 1037K, committed 1152K, reserved 1048576K
}
Event: 0.488 GC heap after
{Heap after GC invocations=1 (full 0):
 garbage-first heap   total 131072K, used 3529K [0x0000000081000000, 0x0000000081100400, 0x0000000100000000)
  region size 1024K, 2 young (2048K), 2 survivors (2048K)
 Metaspace       used 9540K, capacity 10120K, committed 10368K, reserved 1058816K
  class space    used 935K, capacity 1037K, committed 1152K, reserved 1048576K
}
Event: 0.793 GC heap before
{Heap before GC invocations=1 (full 0):
 garbage-first heap   total 131072K, used 13769K [0x0000000081000000, 0x0000000081100400, 0x0000000100000000)
  region size 1024K, 12 young (12288K), 2 survivors (2048K)
 Metaspace       used 13558K, capacity 14176K, committed 14336K, reserved 1062912K
  class space    used 1291K, capacity 1418K, committed 1536K, reserved 1048576K
}
Event: 0.798 GC heap after
{Heap after GC invocations=2 (full 0):
 garbage-first heap   total 131072K, used 6186K [0x0000000081000000, 0x0000000081100400, 0x0000000100000000)
  region size 1024K, 2 young (2048K), 2 survivors (2048K)
 Metaspace       used 13558K, capacity 14176K, committed 14336K, reserved 1062912K
  class space    used 1291K, capacity 1418K, committed 1536K, reserved 1048576K
}
Event: 1.218 GC heap before
{Heap before GC invocations=2 (full 0):
 garbage-first heap   total 131072K, used 19498K [0x0000000081000000, 0x0000000081100400, 0x0000000100000000)
  region size 1024K, 16 young (16384K), 2 survivors (2048K)
 Metaspace       used 20093K, capacity 21234K, committed 21248K, reserved 1069056K
  class space    used 2307K, capacity 2555K, committed 2560K, reserved 1048576K
}
Event: 1.224 GC heap after
{Heap after GC invocations=3 (full 0):
 garbage-first heap   total 131072K, used 9166K [0x0000000081000000, 0x0000000081100400, 0x0000000100000000)
  region size 1024K, 4 young (4096K), 4 survivors (4096K)
 Metaspace       used 20093K, capacity 21234K, committed 21248K, reserved 1069056K
  class space    used 2307K, capacity 2555K, committed 2560K, reserved 1048576K
}

