# JRE version: Java(TM) SE Runtime Environment (9.0+11) (build 9.0.4+11)
# Java VM: Java HotSpot(TM) 64-Bit Server VM (9.0.4+11, mixed mode, tiered, compressed oops, g1 gc, windows-amd64)
Heap:
 garbage-first heap   total 131072K, used 24839K [0x0000000081000000, 0x0000000081100400, 0x0000000100000000)
  region size 1024K, 18 young (18432K), 4 survivors (4096K)
 Metaspace       used 25119K, capacity 26746K, committed 27008K, reserved 1073152K
  class space    used 3035K, capacity 3363K, committed 3456K, reserved 1048576K
GC Heap History (6 events):
Event: 0.612 GC heap before
{Heap before GC invocations=0 (full 0):
 garbage-first heap   total 131072K, used 14336K [0x0000000081000000, 0x0000000081100400, 0x0000000100000000)
  region size 1024K, 14 young (14336K), 0 survivors (0K)
 Metaspace       used 9674K, capacity 10222K, committed 10368K, reserved 1058816K
  class space    used 953K, capacity 1070K, committed 1152K, reserved 1048576K
}
Event: 0.616 GC heap after
{Heap after GC invocations=1 (full 0):
 garbage-first heap   total 131072K, used 3227K [0x0000000081000000, 0x0000000081100400, 0x0000000100000000)
  region size 1024K, 2 young (2048K), 2 survivors (2048K)
 Metaspace       used 9674K, capacity 10222K, committed 10368K, reserved 1058816K
  class space    used 953K, capacity 1070K, committed 1152K, reserved 1048576K
}
Event: 0.900 GC heap before
{Heap before GC invocations=1 (full 0):
 garbage-first heap   total 131072K, used 14491K [0x0000000081000000, 0x0000000081100400, 0x0000000100000000)
  region size 1024K, 13 young (13312K), 2 survivors (2048K)
 Metaspace       used 13699K, capacity 14342K, committed 14592K, reserved 1062912K
  class space    used 1323K, capacity 1451K, committed 1536K, reserved 1048576K
}
Event: 0.906 GC heap after
{Heap after GC invocations=2 (full 0):
 garbage-first heap   total 131072K, used 6592K [0x0000000081000000, 0x0000000081100400, 0x0000000100000000)
  region size 1024K, 2 young (2048K), 2 survivors (2048K)
 Metaspace       used 13699K, capacity 14342K, committed 14592K, reserved 1062912K
  class space    used 1323K, capacity 1451K, committed 1536K, reserved 1048576K
}
Event: 1.558 GC heap before
{Heap before GC invocations=2 (full 0):
 garbage-first heap   total 131072K, used 19904K [0x0000000081000000, 0x0000000081100400, 0x0000000100000000)
  region size 1024K, 16 young (16384K), 2 survivors (2048K)
 Metaspace       used 20089K, capacity 21234K, committed 21248K, reserved 1069056K
  class space    used 2301K, capacity 2555K, committed 2560K, reserved 1048576K
}
Event: 1.563 GC heap after
{Heap after GC invocations=3 (full 0):
 garbage-first heap   total 131072K, used 9479K [0x0000000081000000, 0x0000000081100400, 0x0000000100000000)
  region size 1024K, 4 young (4096K), 4 survivors (4096K)
 Metaspace       used 20089K, capacity 21234K, committed 21248K, reserved 1069056K
  class space    used 2301K, capacity 2555K, committed 2560K, reserved 1048576K
}

