# JRE version: Java(TM) SE Runtime Environment (9.0+11) (build 9.0.4+11)
# Java VM: Java HotSpot(TM) 64-Bit Server VM (9.0.4+11, mixed mode, tiered, compressed oops, g1 gc, windows-amd64)
Heap:
 garbage-first heap   total 131072K, used 25736K [0x0000000081000000, 0x0000000081100400, 0x0000000100000000)
  region size 1024K, 19 young (19456K), 4 survivors (4096K)
 Metaspace       used 25287K, capacity 26930K, committed 27264K, reserved 1073152K
  class space    used 3026K, capacity 3355K, committed 3456K, reserved 1048576K
GC Heap History (6 events):
Event: 0.490 GC heap before
{Heap before GC invocations=0 (full 0):
 garbage-first heap   total 131072K, used 14336K [0x0000000081000000, 0x0000000081100400, 0x0000000100000000)
  region size 1024K, 14 young (14336K), 0 survivors (0K)
 Metaspace       used 9494K, capacity 10056K, committed 10368K, reserved 1058816K
  class space    used 928K, capacity 1037K, committed 1152K, reserved 1048576K
}
Event: 0.493 GC heap after
{Heap after GC invocations=1 (full 0):
 garbage-first heap   total 131072K, used 3250K [0x0000000081000000, 0x0000000081100400, 0x0000000100000000)
  region size 1024K, 2 young (2048K), 2 survivors (2048K)
 Metaspace       used 9494K, capacity 10056K, committed 10368K, reserved 1058816K
  class space    used 928K, capacity 1037K, committed 1152K, reserved 1048576K
}
Event: 0.790 GC heap before
{Heap before GC invocations=1 (full 0):
 garbage-first heap   total 131072K, used 14514K [0x0000000081000000, 0x0000000081100400, 0x0000000100000000)
  region size 1024K, 13 young (13312K), 2 survivors (2048K)
 Metaspace       used 13748K, capacity 14342K, committed 14592K, reserved 1062912K
  class space    used 1322K, capacity 1451K, committed 1536K, reserved 1048576K
}
Event: 0.794 GC heap after
{Heap after GC invocations=2 (full 0):
 garbage-first heap   total 131072K, used 6486K [0x0000000081000000, 0x0000000081100400, 0x0000000100000000)
  region size 1024K, 2 young (2048K), 2 survivors (2048K)
 Metaspace       used 13748K, capacity 14342K, committed 14592K, reserved 1062912K
  class space    used 1322K, capacity 1451K, committed 1536K, reserved 1048576K
}
Event: 1.205 GC heap before
{Heap before GC invocations=2 (full 0):
 garbage-first heap   total 131072K, used 19798K [0x0000000081000000, 0x0000000081100400, 0x0000000100000000)
  region size 1024K, 16 young (16384K), 2 survivors (2048K)
 Metaspace       used 20105K, capacity 21202K, committed 21248K, reserved 1069056K
  class space    used 2297K, capacity 2523K, committed 2560K, reserved 1048576K
}
Event: 1.212 GC heap after
{Heap after GC invocations=3 (full 0):
 garbage-first heap   total 131072K, used 9352K [0x0000000081000000, 0x0000000081100400, 0x0000000100000000)
  region size 1024K, 4 young (4096K), 4 survivors (4096K)
 Metaspace       used 20105K, capacity 21202K, committed 21248K, reserved 1069056K
  class space    used 2297K, capacity 2523K, committed 2560K, reserved 1048576K
}

