# JRE version: Java(TM) SE Runtime Environment (9.0+11) (build 9.0.4+11)
# Java VM: Java HotSpot(TM) 64-Bit Server VM (9.0.4+11, mixed mode, tiered, compressed oops, g1 gc, windows-amd64)
Heap:
 garbage-first heap   total 131072K, used 27648K [0x0000000081000000, 0x0000000081100400, 0x0000000100000000)
  region size 1024K, 21 young (21504K), 4 survivors (4096K)
 Metaspace       used 25455K, capacity 27136K, committed 27260K, reserved 1073152K
  class space    used 3020K, capacity 3358K, committed 3452K, reserved 1048576K
GC Heap History (6 events):
Event: 0.890 GC heap before
{Heap before GC invocations=0 (full 0):
 garbage-first heap   total 131072K, used 14336K [0x0000000081000000, 0x0000000081100400, 0x0000000100000000)
  region size 1024K, 14 young (14336K), 0 survivors (0K)
 Metaspace       used 9432K, capacity 9936K, committed 10112K, reserved 1058816K
  class space    used 920K, capacity 1027K, committed 1152K, reserved 1048576K
}
Event: 0.893 GC heap after
{Heap after GC invocations=1 (full 0):
 garbage-first heap   total 131072K, used 3306K [0x0000000081000000, 0x0000000081100400, 0x0000000100000000)
  region size 1024K, 2 young (2048K), 2 survivors (2048K)
 Metaspace       used 9432K, capacity 9936K, committed 10112K, reserved 1058816K
  class space    used 920K, capacity 1027K, committed 1152K, reserved 1048576K
}
Event: 1.338 GC heap before
{Heap before GC invocations=1 (full 0):
 garbage-first heap   total 131072K, used 14570K [0x0000000081000000, 0x0000000081100400, 0x0000000100000000)
  region size 1024K, 13 young (13312K), 2 survivors (2048K)
 Metaspace       used 13701K, capacity 14342K, committed 14592K, reserved 1062912K
  class space    used 1317K, capacity 1451K, committed 1536K, reserved 1048576K
}
Event: 1.342 GC heap after
{Heap after GC invocations=2 (full 0):
 garbage-first heap   total 131072K, used 6314K [0x0000000081000000, 0x0000000081100400, 0x0000000100000000)
  region size 1024K, 2 young (2048K), 2 survivors (2048K)
 Metaspace       used 13701K, capacity 14342K, committed 14592K, reserved 1062912K
  class space    used 1317K, capacity 1451K, committed 1536K, reserved 1048576K
}
Event: 1.643 GC heap before
{Heap before GC invocations=2 (full 0):
 garbage-first heap   total 131072K, used 19626K [0x0000000081000000, 0x0000000081100400, 0x0000000100000000)
  region size 1024K, 16 young (16384K), 2 survivors (2048K)
 Metaspace       used 20038K, capacity 21198K, committed 21248K, reserved 1069056K
  class space    used 2291K, capacity 2523K, committed 2560K, reserved 1048576K
}
Event: 1.647 GC heap after
{Heap after GC invocations=3 (full 0):
 garbage-first heap   total 131072K, used 9216K [0x0000000081000000, 0x0000000081100400, 0x0000000100000000)
  region size 1024K, 4 young (4096K), 4 survivors (4096K)
 Metaspace       used 20038K, capacity 21198K, committed 21248K, reserved 1069056K
  class space    used 2291K, capacity 2523K, committed 2560K, reserved 1048576K
}

