# JRE version: Java(TM) SE Runtime Environment (9.0+11) (build 9.0.4+11)
# Java VM: Java HotSpot(TM) 64-Bit Server VM (9.0.4+11, mixed mode, tiered, compressed oops, g1 gc, windows-amd64)
Heap:
 garbage-first heap   total 131072K, used 26946K [0x0000000081000000, 0x0000000081100400, 0x0000000100000000)
  region size 1024K, 20 young (20480K), 4 survivors (4096K)
 Metaspace       used 25550K, capacity 27230K, committed 27516K, reserved 1073152K
  class space    used 3031K, capacity 3367K, committed 3452K, reserved 1048576K
GC Heap History (6 events):
Event: 0.541 GC heap before
{Heap before GC invocations=0 (full 0):
 garbage-first heap   total 131072K, used 14336K [0x0000000081000000, 0x0000000081100400, 0x0000000100000000)
  region size 1024K, 14 young (14336K), 0 survivors (0K)
 Metaspace       used 9538K, capacity 10120K, committed 10368K, reserved 1058816K
  class space    used 933K, capacity 1037K, committed 1152K, reserved 1048576K
}
Event: 0.545 GC heap after
{Heap after GC invocations=1 (full 0):
 garbage-first heap   total 131072K, used 3222K [0x0000000081000000, 0x0000000081100400, 0x0000000100000000)
  region size 1024K, 2 young (2048K), 2 survivors (2048K)
 Metaspace       used 9538K, capacity 10120K, committed 10368K, reserved 1058816K
  class space    used 933K, capacity 1037K, committed 1152K, reserved 1048576K
}
Event: 0.890 GC heap before
{Heap before GC invocations=1 (full 0):
 garbage-first heap   total 131072K, used 15510K [0x0000000081000000, 0x0000000081100400, 0x0000000100000000)
  region size 1024K, 14 young (14336K), 2 survivors (2048K)
 Metaspace       used 14482K, capacity 15168K, committed 15232K, reserved 1062912K
  class space    used 1448K, capacity 1604K, committed 1664K, reserved 1048576K
}
Event: 0.895 GC heap after
{Heap after GC invocations=2 (full 0):
 garbage-first heap   total 131072K, used 6737K [0x0000000081000000, 0x0000000081100400, 0x0000000100000000)
  region size 1024K, 2 young (2048K), 2 survivors (2048K)
 Metaspace       used 14482K, capacity 15168K, committed 15232K, reserved 1062912K
  class space    used 1448K, capacity 1604K, committed 1664K, reserved 1048576K
}
Event: 1.401 GC heap before
{Heap before GC invocations=2 (full 0):
 garbage-first heap   total 131072K, used 19025K [0x0000000081000000, 0x0000000081100400, 0x0000000100000000)
  region size 1024K, 15 young (15360K), 2 survivors (2048K)
 Metaspace       used 20081K, capacity 21234K, committed 21248K, reserved 1069056K
  class space    used 2295K, capacity 2555K, committed 2560K, reserved 1048576K
}
Event: 1.405 GC heap after
{Heap after GC invocations=3 (full 0):
 garbage-first heap   total 131072K, used 9538K [0x0000000081000000, 0x0000000081100400, 0x0000000100000000)
  region size 1024K, 4 young (4096K), 4 survivors (4096K)
 Metaspace       used 20081K, capacity 21234K, committed 21248K, reserved 1069056K
  class space    used 2295K, capacity 2555K, committed 2560K, reserved 1048576K
}

